Removed Pin From Net: NetName=3.3V Pin=C1-1
Removed Pin From Net: NetName=3.3V Pin=C2-1
Removed Pin From Net: NetName=12V Pin=P2-1
Removed Pin From Net: NetName=HEATER Pin=Q1-1
Removed Pin From Net: NetName=GND Pin=Q1-2
Removed Member From Class: ClassName=Interface Board Member=D?
Change Component DesignItemId : Designator=C1 Old DesignItemId=Capacitor New DesignItemId=Capacitor Polarized
Change Component DesignItemId : Designator=C2 Old DesignItemId=Capacitor New DesignItemId=Capacitor Polarized
Change Component DesignItemId : Designator=P2 Old DesignItemId=Header 2 New DesignItemId=S3B-XH-A(LF)(SN)
Change Component DesignItemId : Designator=Q1 Old DesignItemId=SSM3K123TU,LF New DesignItemId=SN74LVC1G17DCKR
Change Component Footprint: Designator=C1 Old Footprint=0603 New Footprint=Panasonic EEE-FT1E471AP
Change Component Footprint: Designator=C2 Old Footprint=0603 New Footprint=Panasonic EEE-FT1E471AP
Change Component Footprint: Designator=P2 Old Footprint=B2B-XH-A New Footprint=S3B-XH-A(LF)(SN)
Change Component Comment : Designator=P2 Old Comment=2 Pin Header New Comment=S3B-XH-A(LF)(SN)
Change Component Comment : Designator=C2 Old Comment=10µF New Comment=F
Change Component Comment : Designator=C1 Old Comment=100nF New Comment=F
Change Component Comment : Designator=Q1 Old Comment=SSM3K123TU,LF New Comment=SN74LVC1G17DCKR
Change Component Designator: OldDesignator=C? NewDesignator=C3
Change Component Designator: OldDesignator=C? NewDesignator=C4
Change Component Designator: OldDesignator=D1 NewDesignator=D2
Change Component Designator: OldDesignator=D1 NewDesignator=D3
Change Component Designator: OldDesignator=D? NewDesignator=D1
Change Component Designator: OldDesignator=J? NewDesignator=J1
Change Component Designator: OldDesignator=R11 NewDesignator=R4
Change Component Designator: OldDesignator=R? NewDesignator=R2
Change Component Designator: OldDesignator=R? NewDesignator=R3
Change Component Designator: OldDesignator=U? NewDesignator=U1
Change Component Designator: OldDesignator=U? NewDesignator=U2
Change Component Description : Designator=Q1 Old Description=N-Channel 20 V 4.2A (Ta) 500mW (Ta) Surface Mount UFM New Description=IC BUF NON-INVERT 5.5V SC70-5
Added Component: Designator=P1(Würth Elektronik 691137710002)
Added Component: Designator=P3(B2B-XH-A)
Added Component: Designator=Q2(SSM3K123TU,LF)
Added Component: Designator=R1(R0805)
Added Pin To Net: NetName=5V Pin=C1-1
Added Pin To Net: NetName=5V Pin=C2-1
Added Pin To Net: NetName=3.3V Pin=C1-1
Added Pin To Net: NetName=GND Pin=C1-2
Added Pin To Net: NetName=3.3V Pin=C2-1
Added Pin To Net: NetName=GND Pin=C2-2
Added Pin To Net: NetName=12V Pin=P1-1
Added Pin To Net: NetName=GND Pin=P1-2
Added Pin To Net: NetName=5V Pin=P2-1
Added Pin To Net: NetName=GND Pin=P2-3
Added Pin To Net: NetName=12V Pin=P3-1
Added Pin To Net: NetName=GND Pin=Q1-3
Added Pin To Net: NetName=HEATER Pin=Q1-1
Added Pin To Net: NetName=GND Pin=Q1-2
Added Pin To Net: NetName=5V Pin=R1-2
Change Net Name : Old Net Name=NetC?_1 New Net Name=NetC3_1
Change Net Name : Old Net Name=NetJ?_1 New Net Name=NetJ1_1
Change Net Name : Old Net Name=NetJ?_2 New Net Name=NetJ1_2
Change Net Name : Old Net Name=NetR?_1 New Net Name=NetR2_2
Added Pin To Net: NetName=NEOPIXEL_DATA Pin=P2-2
Added Pin To Net: NetName=NEOPIXEL_DATA Pin=R1-1
Added Net: Name=NEOPIXEL_DATA
Added Pin To Net: NetName=NetD3_2 Pin=D3-2
Added Pin To Net: NetName=NetD3_2 Pin=P3-2
Added Pin To Net: NetName=NetD3_2 Pin=Q1-3
Added Net: Name=NetD3_2
Added Pin To Net: NetName=NetQ1_2 Pin=Q1-2
Added Pin To Net: NetName=NetQ1_2 Pin=RPI1-12
Added Net: Name=NetQ1_2
Added Member To Class: ClassName=Interface Board Member=Component C4 F
Added Member To Class: ClassName=Interface Board Member=Component D2 TVS Diode
Added Member To Class: ClassName=Interface Board Member=Component D3 S5GC-13-F
Added Member To Class: ClassName=Interface Board Member=Component P1 Würth Elektronik 691137710002
Added Member To Class: ClassName=Interface Board Member=Component P3 2 Pin Header
Added Member To Class: ClassName=Interface Board Member=Component Q2 SSM3K123TU,LF
Added Member To Class: ClassName=Interface Board Member=Component R1 330O
Added Member To Class: ClassName=Interface Board Member=Component R2 107kO
Added Member To Class: ClassName=Interface Board Member=Component U2 LT6700CS6-2#TRMPBF
