Change Component Designator: OldDesignator=RPI? NewDesignator=RPI1
Added Component: Designator=C1(0603)
Added Component: Designator=C2(0603)
Added Component: Designator=D1(SP4020-01FTG-C)
Added Component: Designator=P1(B7B-XH-A)
Added Component: Designator=P2(B7B-XH-A)
Added Component: Designator=P3(B7B-XH-A)
Added Component: Designator=P4(B7B-XH-A)
Added Component: Designator=P5(B7B-XH-A)
Added Component: Designator=P6(B7B-XH-A)
Added Component: Designator=P7(B7B-XH-A)
Added Component: Designator=P8(B6B-XH-A)
Added Component: Designator=P9(B6B-XH-A)
Added Component: Designator=P10(B6B-XH-A)
Added Component: Designator=P11(B6B-XH-A)
Added Component: Designator=P12(B6B-XH-A)
Added Component: Designator=P13(B6B-XH-A)
Added Component: Designator=P14(B6B-XH-A)
Added Pin To Net: NetName=3.3V Pin=C1-1
Added Pin To Net: NetName=3.3V Pin=C2-1
Added Pin To Net: NetName=3.3V Pin=D1-1
Added Pin To Net: NetName=3.3V Pin=P1-1
Added Pin To Net: NetName=3.3V Pin=P2-1
Added Pin To Net: NetName=3.3V Pin=P3-1
Added Pin To Net: NetName=3.3V Pin=P4-1
Added Pin To Net: NetName=3.3V Pin=P5-1
Added Pin To Net: NetName=3.3V Pin=P6-1
Added Pin To Net: NetName=3.3V Pin=P7-1
Added Pin To Net: NetName=3.3V Pin=P8-1
Added Pin To Net: NetName=3.3V Pin=P9-1
Added Pin To Net: NetName=3.3V Pin=P10-1
Added Pin To Net: NetName=3.3V Pin=P11-1
Added Pin To Net: NetName=3.3V Pin=P12-1
Added Pin To Net: NetName=3.3V Pin=P13-1
Added Pin To Net: NetName=3.3V Pin=P14-1
Added Pin To Net: NetName=3.3V Pin=RPI1-1
Added Pin To Net: NetName=3.3V Pin=RPI1-17
Added Net: Name=3.3V
Added Pin To Net: NetName=5V Pin=RPI1-2
Added Pin To Net: NetName=5V Pin=RPI1-4
Added Net: Name=5V
Added Pin To Net: NetName=GND Pin=C1-2
Added Pin To Net: NetName=GND Pin=C2-2
Added Pin To Net: NetName=GND Pin=D1-2
Added Pin To Net: NetName=GND Pin=P1-7
Added Pin To Net: NetName=GND Pin=P2-7
Added Pin To Net: NetName=GND Pin=P3-7
Added Pin To Net: NetName=GND Pin=P4-7
Added Pin To Net: NetName=GND Pin=P5-7
Added Pin To Net: NetName=GND Pin=P6-7
Added Pin To Net: NetName=GND Pin=P7-7
Added Pin To Net: NetName=GND Pin=P8-6
Added Pin To Net: NetName=GND Pin=P9-6
Added Pin To Net: NetName=GND Pin=P10-6
Added Pin To Net: NetName=GND Pin=P11-6
Added Pin To Net: NetName=GND Pin=P12-6
Added Pin To Net: NetName=GND Pin=P13-6
Added Pin To Net: NetName=GND Pin=P14-6
Added Pin To Net: NetName=GND Pin=RPI1-6
Added Pin To Net: NetName=GND Pin=RPI1-9
Added Pin To Net: NetName=GND Pin=RPI1-14
Added Pin To Net: NetName=GND Pin=RPI1-20
Added Pin To Net: NetName=GND Pin=RPI1-25
Added Pin To Net: NetName=GND Pin=RPI1-30
Added Pin To Net: NetName=GND Pin=RPI1-39
Added Net: Name=GND
Added Pin To Net: NetName=I2C_SCL Pin=P8-3
Added Pin To Net: NetName=I2C_SCL Pin=P9-3
Added Pin To Net: NetName=I2C_SCL Pin=P10-3
Added Pin To Net: NetName=I2C_SCL Pin=P11-3
Added Pin To Net: NetName=I2C_SCL Pin=P12-3
Added Pin To Net: NetName=I2C_SCL Pin=P13-3
Added Pin To Net: NetName=I2C_SCL Pin=P14-3
Added Pin To Net: NetName=I2C_SCL Pin=RPI1-5
Added Net: Name=I2C_SCL
Added Pin To Net: NetName=I2C_SDA Pin=P8-2
Added Pin To Net: NetName=I2C_SDA Pin=P9-2
Added Pin To Net: NetName=I2C_SDA Pin=P10-2
Added Pin To Net: NetName=I2C_SDA Pin=P11-2
Added Pin To Net: NetName=I2C_SDA Pin=P12-2
Added Pin To Net: NetName=I2C_SDA Pin=P13-2
Added Pin To Net: NetName=I2C_SDA Pin=P14-2
Added Pin To Net: NetName=I2C_SDA Pin=RPI1-3
Added Net: Name=I2C_SDA
Added Pin To Net: NetName=INTERRUPT Pin=P1-6
Added Pin To Net: NetName=INTERRUPT Pin=P2-6
Added Pin To Net: NetName=INTERRUPT Pin=P3-6
Added Pin To Net: NetName=INTERRUPT Pin=P4-6
Added Pin To Net: NetName=INTERRUPT Pin=P5-6
Added Pin To Net: NetName=INTERRUPT Pin=P6-6
Added Pin To Net: NetName=INTERRUPT Pin=P7-6
Added Pin To Net: NetName=INTERRUPT Pin=P8-5
Added Pin To Net: NetName=INTERRUPT Pin=P9-5
Added Pin To Net: NetName=INTERRUPT Pin=P10-5
Added Pin To Net: NetName=INTERRUPT Pin=P11-5
Added Pin To Net: NetName=INTERRUPT Pin=P12-5
Added Pin To Net: NetName=INTERRUPT Pin=P13-5
Added Pin To Net: NetName=INTERRUPT Pin=P14-5
Added Pin To Net: NetName=INTERRUPT Pin=RPI1-37
Added Net: Name=INTERRUPT
Added Pin To Net: NetName=SPI_CLK Pin=P1-3
Added Pin To Net: NetName=SPI_CLK Pin=P2-3
Added Pin To Net: NetName=SPI_CLK Pin=P3-3
Added Pin To Net: NetName=SPI_CLK Pin=P4-3
Added Pin To Net: NetName=SPI_CLK Pin=P5-3
Added Pin To Net: NetName=SPI_CLK Pin=P6-3
Added Pin To Net: NetName=SPI_CLK Pin=P7-3
Added Pin To Net: NetName=SPI_CLK Pin=RPI1-23
Added Net: Name=SPI_CLK
Added Pin To Net: NetName=SPI_MISO Pin=P1-4
Added Pin To Net: NetName=SPI_MISO Pin=P2-4
Added Pin To Net: NetName=SPI_MISO Pin=P3-4
Added Pin To Net: NetName=SPI_MISO Pin=P4-4
Added Pin To Net: NetName=SPI_MISO Pin=P5-4
Added Pin To Net: NetName=SPI_MISO Pin=P6-4
Added Pin To Net: NetName=SPI_MISO Pin=P7-4
Added Pin To Net: NetName=SPI_MISO Pin=RPI1-21
Added Net: Name=SPI_MISO
Added Pin To Net: NetName=SPI_MOSI Pin=P1-2
Added Pin To Net: NetName=SPI_MOSI Pin=P2-2
Added Pin To Net: NetName=SPI_MOSI Pin=P3-2
Added Pin To Net: NetName=SPI_MOSI Pin=P4-2
Added Pin To Net: NetName=SPI_MOSI Pin=P5-2
Added Pin To Net: NetName=SPI_MOSI Pin=P6-2
Added Pin To Net: NetName=SPI_MOSI Pin=P7-2
Added Pin To Net: NetName=SPI_MOSI Pin=RPI1-19
Added Net: Name=SPI_MOSI
Added Pin To Net: NetName=SPI_SS0 Pin=P1-5
Added Pin To Net: NetName=SPI_SS0 Pin=RPI1-7
Added Net: Name=SPI_SS0
Added Pin To Net: NetName=SPI_SS1 Pin=P2-5
Added Pin To Net: NetName=SPI_SS1 Pin=RPI1-29
Added Net: Name=SPI_SS1
Added Pin To Net: NetName=SPI_SS2 Pin=P3-5
Added Pin To Net: NetName=SPI_SS2 Pin=RPI1-31
Added Net: Name=SPI_SS2
Added Pin To Net: NetName=SPI_SS3 Pin=P4-5
Added Pin To Net: NetName=SPI_SS3 Pin=RPI1-26
Added Net: Name=SPI_SS3
Added Pin To Net: NetName=SPI_SS4 Pin=P5-5
Added Pin To Net: NetName=SPI_SS4 Pin=RPI1-24
Added Net: Name=SPI_SS4
Added Pin To Net: NetName=SPI_SS5 Pin=P6-5
Added Pin To Net: NetName=SPI_SS5 Pin=RPI1-32
Added Net: Name=SPI_SS5
Added Pin To Net: NetName=SPI_SS6 Pin=P7-5
Added Pin To Net: NetName=SPI_SS6 Pin=RPI1-33
Added Net: Name=SPI_SS6
Added Member To Class: ClassName=Interface Board Member=Component C1 100nF
Added Member To Class: ClassName=Interface Board Member=Component C2 10µF
Added Member To Class: ClassName=Interface Board Member=Component D1 TVS Diode
Added Member To Class: ClassName=Interface Board Member=Component P1 7 Pin Header
Added Member To Class: ClassName=Interface Board Member=Component P2 7 Pin Header
Added Member To Class: ClassName=Interface Board Member=Component P3 7 Pin Header
Added Member To Class: ClassName=Interface Board Member=Component P4 7 Pin Header
Added Member To Class: ClassName=Interface Board Member=Component P5 7 Pin Header
Added Member To Class: ClassName=Interface Board Member=Component P6 7 Pin Header
Added Member To Class: ClassName=Interface Board Member=Component P7 7 Pin Header
Added Member To Class: ClassName=Interface Board Member=Component P8 6 Pin Header
Added Member To Class: ClassName=Interface Board Member=Component P9 6 Pin Header
Added Member To Class: ClassName=Interface Board Member=Component P10 6 Pin Header
Added Member To Class: ClassName=Interface Board Member=Component P11 6 Pin Header
Added Member To Class: ClassName=Interface Board Member=Component P12 6 Pin Header
Added Member To Class: ClassName=Interface Board Member=Component P13 6 Pin Header
Added Member To Class: ClassName=Interface Board Member=Component P14 6 Pin Header
